[PREINITIALIZATION][SERVER][INFO] Thank you to the Patreon supporters below and others who make CraftTweaker possible!
Ncc1702
Lucas
Quaternary
Jellycraft
Jordan Pineo
Pongo Sapiens
Belathus
Hooley
embeddedt
NickT
Jonathan McManus
Genryu
Zuniroa
DreamThorn
Spencer Gilbert
NerdyWhiteGuy
Peregrinus11
Ivy_
Jessie Sims
If you want to support the mod, checkout https://patreon.com/jaredlll08?s=crtmod

[PREINITIALIZATION][SERVER][INFO] Current loaders after merging: [[preinit]]
[PREINITIALIZATION][SERVER][INFO] Loading scripts for loader with names [preinit]
[PREINITIALIZATION][SERVER][INFO] Completed script loading in: 0ms
[INITIALIZATION][SERVER][INFO] CraftTweaker: Building registry
[INITIALIZATION][SERVER][INFO] CraftTweaker: Successfully built item registry
[INITIALIZATION][SERVER][INFO] Current loaders after merging: [[preinit], [recipeevent | crafttweaker]]
[INITIALIZATION][SERVER][INFO] Loading scripts for loader with names [crafttweaker | recipeevent]
[INITIALIZATION][SERVER][INFO] Completed script loading in: 0ms
[POSTINITIALIZATION][SERVER][INFO] Removing recipes for various outputs
